2022-04-15 22:23:11.116 [main] INFO  Calculator - Result of factorial is: 24.0
2022-04-15 22:23:43.456 [main] INFO  Calculator - Result of factorial is: 6.0
2022-04-15 22:23:43.464 [main] INFO  Calculator - Result of factorial is: 120.0
2022-04-15 22:23:43.465 [main] ERROR Calculator - Number cannot be negative Case of NaN factorial if < 0
2022-04-15 22:23:43.465 [main] INFO  Calculator - Result of factorial is: NaN
2022-04-15 22:23:43.466 [main] INFO  Calculator - Calculating Square root  of number 9.0
2022-04-15 22:23:43.466 [main] INFO  Calculator - Result of squareRoot is : 3.0
2022-04-15 22:23:43.466 [main] INFO  Calculator - Calculating Square root  of number 16.0
2022-04-15 22:23:43.466 [main] INFO  Calculator - Result of squareRoot is : 4.0
2022-04-15 22:23:43.466 [main] INFO  Calculator - Calculating Square root  of number -10.0
2022-04-15 22:23:43.466 [main] ERROR Calculator - Number cannot be negative Case of NaN squareRoot of < 0
2022-04-15 22:23:43.466 [main] INFO  Calculator - Result of squareRoot is : NaN
2022-04-15 22:23:43.467 [main] INFO  Calculator - Calculating Natural log of 17.0
2022-04-15 22:23:43.467 [main] INFO  Calculator - Result of naturalLog is : 2.833213344056216
2022-04-15 22:23:43.468 [main] INFO  Calculator - Calculating Natural log of 6.0
2022-04-15 22:23:43.468 [main] INFO  Calculator - Result of naturalLog is : 1.791759469228055
2022-04-15 22:23:43.468 [main] INFO  Calculator - Calculating Natural log of 0.0
2022-04-15 22:23:43.469 [main] ERROR Calculator - Number cannot be negative Case of NaN log of <= 0
2022-04-15 22:23:43.469 [main] INFO  Calculator - Result of naturalLog is : NaN
2022-04-15 22:23:43.469 [main] INFO  Calculator - Calculating Square root  of number 18.0
2022-04-15 22:23:43.469 [main] INFO  Calculator - Result of squareRoot is : 4.242640687119285
2022-04-15 22:23:43.469 [main] INFO  Calculator - Calculating Square root  of number 32.0
2022-04-15 22:23:43.469 [main] INFO  Calculator - Result of squareRoot is : 5.656854249492381
2022-04-15 22:23:43.469 [main] INFO  Calculator - Calculating Square root  of number -16.0
2022-04-15 22:23:43.469 [main] ERROR Calculator - Number cannot be negative Case of NaN squareRoot of < 0
2022-04-15 22:23:43.470 [main] INFO  Calculator - Result of squareRoot is : NaN
2022-04-15 22:23:43.470 [main] INFO  Calculator - Calculating Natural log of 14.0
2022-04-15 22:23:43.470 [main] INFO  Calculator - Result of naturalLog is : 2.6390573296152584
2022-04-15 22:23:43.470 [main] INFO  Calculator - Calculating Natural log of 9.0
2022-04-15 22:23:43.470 [main] INFO  Calculator - Result of naturalLog is : 2.1972245773362196
2022-04-15 22:23:43.470 [main] INFO  Calculator - Calculating Natural log of 0.0
2022-04-15 22:23:43.470 [main] ERROR Calculator - Number cannot be negative Case of NaN log of <= 0
2022-04-15 22:23:43.470 [main] INFO  Calculator - Result of naturalLog is : NaN
2022-04-15 22:23:43.471 [main] INFO  Calculator - Result of factorial is: 6.0
2022-04-15 22:23:43.471 [main] INFO  Calculator - Result of factorial is: 120.0
2022-04-15 22:23:43.471 [main] ERROR Calculator - Number cannot be negative Case of NaN factorial if < 0
2022-04-15 22:23:43.471 [main] INFO  Calculator - Result of factorial is: NaN
2022-04-15 22:23:43.471 [main] ERROR Calculator - Number cannot be negative Case of NaN factorial if num is not an integer
2022-04-15 22:23:43.471 [main] INFO  Calculator - Result of factorial is: NaN
2022-04-15 22:23:43.471 [main] INFO  Calculator - Calculating Power  of two numbers 2.0 and 3.0
2022-04-15 22:23:43.472 [main] INFO  Calculator - Result of power is : 8.0
2022-04-15 22:23:43.472 [main] INFO  Calculator - Calculating Power  of two numbers 3.0 and 3.0
2022-04-15 22:23:43.472 [main] INFO  Calculator - Result of power is : 27.0
2022-04-15 22:23:43.472 [main] INFO  Calculator - Calculating Power  of two numbers 2.0 and 2.0
2022-04-15 22:23:43.472 [main] INFO  Calculator - Result of power is : 4.0
2022-04-15 22:23:43.473 [main] INFO  Calculator - Calculating Power  of two numbers 3.0 and 3.0
2022-04-15 22:23:43.473 [main] INFO  Calculator - Result of power is : 27.0
